Using pre-set license
Built from '2022.3/staging' branch; Version is '2022.3.14f1 (eff2de9070d8) revision 15725278'; Using compiler version '192829333'; Build Type 'Release'
OS: 'Windows 11  (10.0.22631) 64bit CoreSingleLanguage' Language: 'ru' Physical Memory: 7975 MB
BatchMode: 1, IsHumanControllingUs: 0, StartBugReporterOnCrash: 0, Is64bit: 1, IsPro: 1

COMMAND LINE ARGUMENTS:
D:\unity\2022.3.14f1\Editor\Unity.exe
-adb2
-batchMode
-noUpm
-name
AssetImportWorker0
-projectPath
D:/unity/unity projects/NewApex/Celeste-Movement-master
-logFile
Logs/AssetImportWorker0.log
-srvPort
61673
Successfully changed project path to: D:/unity/unity projects/NewApex/Celeste-Movement-master
D:/unity/unity projects/NewApex/Celeste-Movement-master
[UnityMemory] Configuration Parameters - Can be set up in boot.config
    "memorysetup-bucket-allocator-granularity=16"
    "memorysetup-bucket-allocator-bucket-count=8"
    "memorysetup-bucket-allocator-block-size=33554432"
    "memorysetup-bucket-allocator-block-count=8"
    "memorysetup-main-allocator-block-size=16777216"
    "memorysetup-thread-allocator-block-size=16777216"
    "memorysetup-gfx-main-allocator-block-size=16777216"
    "memorysetup-gfx-thread-allocator-block-size=16777216"
    "memorysetup-cache-allocator-block-size=4194304"
    "memorysetup-typetree-allocator-block-size=2097152"
    "memorysetup-profiler-bucket-allocator-granularity=16"
    "memorysetup-profiler-bucket-allocator-bucket-count=8"
    "memorysetup-profiler-bucket-allocator-block-size=33554432"
    "memorysetup-profiler-bucket-allocator-block-count=8"
    "memorysetup-profiler-allocator-block-size=16777216"
    "memorysetup-profiler-editor-allocator-block-size=1048576"
    "memorysetup-temp-allocator-size-main=16777216"
    "memorysetup-job-temp-allocator-block-size=2097152"
    "memorysetup-job-temp-allocator-block-size-background=1048576"
    "memorysetup-job-temp-allocator-reduction-small-platforms=262144"
    "memorysetup-allocator-temp-initial-block-size-main=262144"
    "memorysetup-allocator-temp-initial-block-size-worker=262144"
    "memorysetup-temp-allocator-size-background-worker=32768"
    "memorysetup-temp-allocator-size-job-worker=262144"
    "memorysetup-temp-allocator-size-preload-manager=33554432"
    "memorysetup-temp-allocator-size-nav-mesh-worker=65536"
    "memorysetup-temp-allocator-size-audio-worker=65536"
    "memorysetup-temp-allocator-size-cloud-worker=32768"
    "memorysetup-temp-allocator-size-gi-baking-worker=262144"
    "memorysetup-temp-allocator-size-gfx=262144"
Player connection [16896] Host "[IP] 192.168.0.110 [Port] 0 [Flags] 2 [Guid] 3163190562 [EditorId] 3163190562 [Version] 1048832 [Id] WindowsEditor(7,uncertain_book) [Debug] 1 [PackageName] WindowsEditor [ProjectName] Editor" joined multi-casting on [225.0.0.222:54997]...

Player connection [16896] Host "[IP] 192.168.0.110 [Port] 0 [Flags] 2 [Guid] 3163190562 [EditorId] 3163190562 [Version] 1048832 [Id] WindowsEditor(7,uncertain_book) [Debug] 1 [PackageName] WindowsEditor [ProjectName] Editor" joined alternative multi-casting on [225.0.0.222:34997]...

[Physics::Module] Initialized MultithreadedJobDispatcher with 7 workers.
Refreshing native plugins compatible for Editor in 16.25 ms, found 2 plugins.
Preloading 0 native plugins for Editor in 0.00 ms.
Initialize engine version: 2022.3.14f1 (eff2de9070d8)
[Subsystems] Discovering subsystems at path D:/unity/2022.3.14f1/Editor/Data/Resources/UnitySubsystems
[Subsystems] Discovering subsystems at path D:/unity/unity projects/NewApex/Celeste-Movement-master/Assets
GfxDevice: creating device client; threaded=0; jobified=0
Direct3D:
    Version:  Direct3D 11.0 [level 11.1]
    Renderer: Intel(R) Iris(R) Xe Graphics (ID=0x9a49)
    Vendor:   Intel
    VRAM:     3987 MB
    Driver:   31.0.101.1999
Initialize mono
Mono path[0] = 'D:/unity/2022.3.14f1/Editor/Data/Managed'
Mono path[1] = 'D:/unity/2022.3.14f1/Editor/Data/MonoBleedingEdge/lib/mono/unityjit-win32'
Mono config path = 'D:/unity/2022.3.14f1/Editor/Data/MonoBleedingEdge/etc'
Using monoOptions --debugger-agent=transport=dt_socket,embedding=1,server=y,suspend=n,address=127.0.0.1:56696
Begin MonoManager ReloadAssembly
Registering precompiled unity dll's ...
Register platform support module: D:/unity/2022.3.14f1/Editor/Data/PlaybackEngines/WebGLSupport/UnityEditor.WebGL.Extensions.dll
Register platform support module: D:/unity/2022.3.14f1/Editor/Data/PlaybackEngines/WindowsStandaloneSupport/UnityEditor.WindowsStandalone.Extensions.dll
Registered in 0.005167 seconds.
- Loaded All Assemblies, in  0.678 seconds
Native extension for WindowsStandalone target not found
Native extension for WebGL target not found
Mono: successfully reloaded assembly
- Finished resetting the current domain, in  0.418 seconds
Domain Reload Profiling: 1097ms
	BeginReloadAssembly (242ms)
		ExecutionOrderSort (0ms)
		DisableScriptedObjects (0ms)
		BackupInstance (0ms)
		ReleaseScriptingObjects (0ms)
		CreateAndSetChildDomain (1ms)
	RebuildCommonClasses (127ms)
	RebuildNativeTypeToScriptingClass (18ms)
	initialDomainReloadingComplete (79ms)
	LoadAllAssembliesAndSetupDomain (211ms)
		LoadAssemblies (241ms)
		RebuildTransferFunctionScriptingTraits (0ms)
		AnalyzeDomain (209ms)
			TypeCache.Refresh (207ms)
				TypeCache.ScanAssembly (189ms)
			ScanForSourceGeneratedMonoScriptInfo (0ms)
			ResolveRequiredComponents (1ms)
	FinalizeReload (419ms)
		ReleaseScriptCaches (0ms)
		RebuildScriptCaches (0ms)
		SetupLoadedEditorAssemblies (327ms)
			LogAssemblyErrors (0ms)
			InitializePlatformSupportModulesInManaged (14ms)
			SetLoadedEditorAssemblies (8ms)
			RefreshPlugins (0ms)
			BeforeProcessingInitializeOnLoad (4ms)
			ProcessInitializeOnLoadAttributes (207ms)
			ProcessInitializeOnLoadMethodAttributes (94ms)
			AfterProcessingInitializeOnLoad (0ms)
			EditorAssembliesLoaded (0ms)
		ExecutionOrderSort2 (0ms)
		AwakeInstancesAfterBackupRestoration (0ms)
========================================================================
Worker process is ready to serve import requests
Begin MonoManager ReloadAssembly
Symbol file LoadedFromMemory is not a mono symbol file
- Loaded All Assemblies, in  0.838 seconds
Refreshing native plugins compatible for Editor in 8.14 ms, found 2 plugins.
Native extension for WindowsStandalone target not found
Native extension for WebGL target not found
Package Manager log level set to [2]
[Package Manager] Server::EnsureServerProcessIsRunning -- launch failed, reason: Unity was launched with the -noUpm command-line argument
[Package Manager] UpmClient::Send -- Unable to send message (not connected to UPM process).
[Package Manager] Cannot connect to Unity Package Manager local server
Mono: successfully reloaded assembly
- Finished resetting the current domain, in  1.109 seconds
Domain Reload Profiling: 1948ms
	BeginReloadAssembly (217ms)
		ExecutionOrderSort (0ms)
		DisableScriptedObjects (7ms)
		BackupInstance (0ms)
		ReleaseScriptingObjects (0ms)
		CreateAndSetChildDomain (31ms)
	RebuildCommonClasses (45ms)
	RebuildNativeTypeToScriptingClass (17ms)
	initialDomainReloadingComplete (52ms)
	LoadAllAssembliesAndSetupDomain (507ms)
		LoadAssemblies (436ms)
		RebuildTransferFunctionScriptingTraits (0ms)
		AnalyzeDomain (204ms)
			TypeCache.Refresh (153ms)
				TypeCache.ScanAssembly (128ms)
			ScanForSourceGeneratedMonoScriptInfo (32ms)
			ResolveRequiredComponents (16ms)
	FinalizeReload (1110ms)
		ReleaseScriptCaches (0ms)
		RebuildScriptCaches (0ms)
		SetupLoadedEditorAssemblies (850ms)
			LogAssemblyErrors (0ms)
			InitializePlatformSupportModulesInManaged (7ms)
			SetLoadedEditorAssemblies (4ms)
			RefreshPlugins (0ms)
			BeforeProcessingInitializeOnLoad (81ms)
			ProcessInitializeOnLoadAttributes (519ms)
			ProcessInitializeOnLoadMethodAttributes (235ms)
			AfterProcessingInitializeOnLoad (3ms)
			EditorAssembliesLoaded (0ms)
		ExecutionOrderSort2 (0ms)
		AwakeInstancesAfterBackupRestoration (9ms)
Launched and connected shader compiler UnityShaderCompiler.exe after 0.08 seconds
Refreshing native plugins compatible for Editor in 7.07 ms, found 2 plugins.
Preloading 0 native plugins for Editor in 0.00 ms.
Unloading 3002 Unused Serialized files (Serialized files now loaded: 0)
Unloading 88 unused Assets / (1.4 MB). Loaded Objects now: 3436.
Memory consumption went from 137.1 MB to 135.8 MB.
Total: 7.896300 ms (FindLiveObjects: 0.351800 ms CreateObjectMapping: 0.428800 ms MarkObjects: 6.716100 ms  DeleteObjects: 0.398000 ms)

AssetImportParameters requested are different than current active one (requested -> active):
  custom:video-decoder-webm-vp8: 9c59270c3fd7afecdb556c50c9e8de78 -> 
  custom:SearchIndexIgnoredProperties: e643bd26f0fe6173181afceb89e7c659 -> 
  custom:container-demuxer-ogg: 62fdf1f143b41e24485cea50d1cbac27 -> 
  custom:AudioImporter_EditorPlatform: d09bf68614088b80899f8185d706f6e7 -> 
  custom:video-codec-MediaFoundation-h265: 746d11721c4dcdbdad8f713fa42b33f4 -> 
  custom:video-decoder-ogg-theora: a1e56fd34408186e4bbccfd4996cb3dc -> 
  custom:framework-win-MediaFoundation: 216162199b28c13a410421893ffa2e32 -> 
  custom:video-encoder-webm-vp8: eb34c28f22e8b96e1ab97ce403110664 -> 
  custom:audio-decoder-ogg-vorbis: bf7c407c2cedff20999df2af8eb42d56 -> 
  custom:CustomObjectIndexerAttribute: 756ad292c208cfabdd7b50bc23989ffe -> 
  custom:container-demuxer-webm: 4f35f7cbe854078d1ac9338744f61a02 -> 
  custom:audio-encoder-webm-vorbis: bf7c407c2cedff20999df2af8eb42d56 -> 
  custom:container-muxer-webm: aa71ff27fc2769a1b78a27578f13a17b -> 
========================================================================
Received Import Request.
  Time since last request: 960928.898059 seconds.
  path: Assets/Scripts/Attack.cs
  artifactKey: Guid(641f8ebb9af67164c884f1e1906385b4) Importer(815301076,1909f56bfc062723c751e8b465ee728b)
Start importing Assets/Scripts/Attack.cs using Guid(641f8ebb9af67164c884f1e1906385b4) Importer(815301076,1909f56bfc062723c751e8b465ee728b)  -> (artifact id: 'd9143680b0f174bb00ea5d9526dcfc5b') in 0.003874 seconds
Number of updated asset objects reloaded before import = 0
Number of asset objects unloaded after import = 0
========================================================================
Received Prepare
Begin MonoManager ReloadAssembly
Symbol file LoadedFromMemory is not a mono symbol file
- Loaded All Assemblies, in  0.768 seconds
Refreshing native plugins compatible for Editor in 7.40 ms, found 2 plugins.
Native extension for WindowsStandalone target not found
Native extension for WebGL target not found
[Package Manager] Server::EnsureServerProcessIsRunning -- launch failed, reason: Unity was launched with the -noUpm command-line argument
[Package Manager] UpmClient::Send -- Unable to send message (not connected to UPM process).
[Package Manager] Cannot connect to Unity Package Manager local server
Mono: successfully reloaded assembly
- Finished resetting the current domain, in  1.335 seconds
Domain Reload Profiling: 2104ms
	BeginReloadAssembly (431ms)
		ExecutionOrderSort (0ms)
		DisableScriptedObjects (11ms)
		BackupInstance (0ms)
		ReleaseScriptingObjects (0ms)
		CreateAndSetChildDomain (52ms)
	RebuildCommonClasses (61ms)
	RebuildNativeTypeToScriptingClass (17ms)
	initialDomainReloadingComplete (38ms)
	LoadAllAssembliesAndSetupDomain (221ms)
		LoadAssemblies (316ms)
		RebuildTransferFunctionScriptingTraits (0ms)
		AnalyzeDomain (14ms)
			TypeCache.Refresh (5ms)
				TypeCache.ScanAssembly (0ms)
			ScanForSourceGeneratedMonoScriptInfo (0ms)
			ResolveRequiredComponents (7ms)
	FinalizeReload (1336ms)
		ReleaseScriptCaches (0ms)
		RebuildScriptCaches (0ms)
		SetupLoadedEditorAssemblies (808ms)
			LogAssemblyErrors (0ms)
			InitializePlatformSupportModulesInManaged (8ms)
			SetLoadedEditorAssemblies (4ms)
			RefreshPlugins (0ms)
			BeforeProcessingInitializeOnLoad (72ms)
			ProcessInitializeOnLoadAttributes (479ms)
			ProcessInitializeOnLoadMethodAttributes (243ms)
			AfterProcessingInitializeOnLoad (2ms)
			EditorAssembliesLoaded (0ms)
		ExecutionOrderSort2 (0ms)
		AwakeInstancesAfterBackupRestoration (12ms)
Refreshing native plugins compatible for Editor in 19.15 ms, found 2 plugins.
Preloading 0 native plugins for Editor in 0.00 ms.
Unloading 2954 Unused Serialized files (Serialized files now loaded: 0)
Unloading 79 unused Assets / (1.3 MB). Loaded Objects now: 3439.
Memory consumption went from 128.1 MB to 126.8 MB.
Total: 9.740300 ms (FindLiveObjects: 0.349200 ms CreateObjectMapping: 0.381400 ms MarkObjects: 8.626400 ms  DeleteObjects: 0.380900 ms)

Prepare: number of updated asset objects reloaded= 0
AssetImportParameters requested are different than current active one (requested -> active):
  custom:video-decoder-webm-vp8: 9c59270c3fd7afecdb556c50c9e8de78 -> 
  custom:SearchIndexIgnoredProperties: e643bd26f0fe6173181afceb89e7c659 -> 
  custom:container-demuxer-ogg: 62fdf1f143b41e24485cea50d1cbac27 -> 
  custom:AudioImporter_EditorPlatform: d09bf68614088b80899f8185d706f6e7 -> 
  custom:video-codec-MediaFoundation-h265: 746d11721c4dcdbdad8f713fa42b33f4 -> 
  custom:video-decoder-ogg-theora: a1e56fd34408186e4bbccfd4996cb3dc -> 
  custom:framework-win-MediaFoundation: 216162199b28c13a410421893ffa2e32 -> 
  custom:video-encoder-webm-vp8: eb34c28f22e8b96e1ab97ce403110664 -> 
  custom:audio-decoder-ogg-vorbis: bf7c407c2cedff20999df2af8eb42d56 -> 
  custom:CustomObjectIndexerAttribute: 756ad292c208cfabdd7b50bc23989ffe -> 
  custom:container-demuxer-webm: 4f35f7cbe854078d1ac9338744f61a02 -> 
  custom:audio-encoder-webm-vorbis: bf7c407c2cedff20999df2af8eb42d56 -> 
  custom:container-muxer-webm: aa71ff27fc2769a1b78a27578f13a17b -> 
========================================================================
Received Import Request.
  Time since last request: 74.173809 seconds.
  path: Assets/Scripts/BetterJumping.cs
  artifactKey: Guid(d071a2142a4939342a4ee88613274c86) Importer(815301076,1909f56bfc062723c751e8b465ee728b)
Start importing Assets/Scripts/BetterJumping.cs using Guid(d071a2142a4939342a4ee88613274c86) Importer(815301076,1909f56bfc062723c751e8b465ee728b)  -> (artifact id: 'd9a121c67bb1f91d359d465276ac59d9') in 0.002908 seconds
Number of updated asset objects reloaded before import = 0
Number of asset objects unloaded after import = 0
========================================================================
Received Import Request.
  Time since last request: 5.804019 seconds.
  path: Assets/Scripts/CamController.cs
  artifactKey: Guid(b6e3c595189f84d4cb1c84f232ccfdd5) Importer(815301076,1909f56bfc062723c751e8b465ee728b)
Start importing Assets/Scripts/CamController.cs using Guid(b6e3c595189f84d4cb1c84f232ccfdd5) Importer(815301076,1909f56bfc062723c751e8b465ee728b)  -> (artifact id: '744ec18983ac796a75ace939b185f422') in 0.000999 seconds
Number of updated asset objects reloaded before import = 0
Number of asset objects unloaded after import = 0
========================================================================
Received Import Request.
  Time since last request: 0.914811 seconds.
  path: Assets/Scripts/Collision.cs
  artifactKey: Guid(406198e895886ed45b8b2053e80bd604) Importer(815301076,1909f56bfc062723c751e8b465ee728b)
Start importing Assets/Scripts/Collision.cs using Guid(406198e895886ed45b8b2053e80bd604) Importer(815301076,1909f56bfc062723c751e8b465ee728b)  -> (artifact id: 'e7c68662be8b5bd36675435a7ff31417') in 0.000844 seconds
Number of updated asset objects reloaded before import = 0
Number of asset objects unloaded after import = 0
========================================================================
Received Import Request.
  Time since last request: 1.207295 seconds.
  path: Assets/Scripts/GhostTrail.cs
  artifactKey: Guid(f7d9cab770188f349a604bdbf71587f2) Importer(815301076,1909f56bfc062723c751e8b465ee728b)
Start importing Assets/Scripts/GhostTrail.cs using Guid(f7d9cab770188f349a604bdbf71587f2) Importer(815301076,1909f56bfc062723c751e8b465ee728b)  -> (artifact id: '476527723a5e284dec3b94fbdbeb19b5') in 0.002255 seconds
Number of updated asset objects reloaded before import = 0
Number of asset objects unloaded after import = 0
========================================================================
Received Import Request.
  Time since last request: 1.640634 seconds.
  path: Assets/Scripts/HealthBar.cs
  artifactKey: Guid(0c1c68471fdb1624aa625ed749cdb739) Importer(815301076,1909f56bfc062723c751e8b465ee728b)
Start importing Assets/Scripts/HealthBar.cs using Guid(0c1c68471fdb1624aa625ed749cdb739) Importer(815301076,1909f56bfc062723c751e8b465ee728b)  -> (artifact id: 'de16955fffa879fa5f3479fa748a3ab2') in 0.000967 seconds
Number of updated asset objects reloaded before import = 0
Number of asset objects unloaded after import = 0
========================================================================
Received Import Request.
  Time since last request: 1.177801 seconds.
  path: Assets/Scripts/Movement.cs
  artifactKey: Guid(3286969c5df8a1e4bb64bc92ea46495e) Importer(815301076,1909f56bfc062723c751e8b465ee728b)
Start importing Assets/Scripts/Movement.cs using Guid(3286969c5df8a1e4bb64bc92ea46495e) Importer(815301076,1909f56bfc062723c751e8b465ee728b)  -> (artifact id: '2d466d614877444f6aa59fa4bb9a6c95') in 0.000872 seconds
Number of updated asset objects reloaded before import = 0
Number of asset objects unloaded after import = 0
========================================================================
Received Import Request.
  Time since last request: 5.868187 seconds.
  path: Assets/Resources/DOTweenSettings.asset
  artifactKey: Guid(b11bf265f7401874fbd63510e2407bc8) Importer(815301076,1909f56bfc062723c751e8b465ee728b)
Start importing Assets/Resources/DOTweenSettings.asset using Guid(b11bf265f7401874fbd63510e2407bc8) Importer(815301076,1909f56bfc062723c751e8b465ee728b)  -> (artifact id: '4e68f9531ba0b7a7d5d7da066701db58') in 0.014806 seconds
Number of updated asset objects reloaded before import = 0
Number of asset objects unloaded after import = 1
========================================================================
Received Import Request.
  Time since last request: 5.430392 seconds.
  path: Assets/Prefab/Grid.prefab
  artifactKey: Guid(407e4f83269bcdb429b67cd9f909b5a6) Importer(815301076,1909f56bfc062723c751e8b465ee728b)
Start importing Assets/Prefab/Grid.prefab using Guid(407e4f83269bcdb429b67cd9f909b5a6) Importer(815301076,1909f56bfc062723c751e8b465ee728b)  -> (artifact id: '7aecfe111b52d0bcd050c6546b1982f8') in 0.191052 seconds
Number of updated asset objects reloaded before import = 0
Number of asset objects unloaded after import = 75
========================================================================
Received Import Request.
  Time since last request: 1.267206 seconds.
  path: Assets/Materials/Ghost.mat
  artifactKey: Guid(1f4b847946d173d46ac044661fe23092) Importer(815301076,1909f56bfc062723c751e8b465ee728b)
Start importing Assets/Materials/Ghost.mat using Guid(1f4b847946d173d46ac044661fe23092) Importer(815301076,1909f56bfc062723c751e8b465ee728b)  -> (artifact id: '66f62994f1a8a7d09b34afbc7b1c95b2') in 0.073335 seconds
Number of updated asset objects reloaded before import = 0
Number of asset objects unloaded after import = 1
========================================================================
Received Import Request.
  Time since last request: 0.000030 seconds.
  path: Assets/Materials/Square.jpg
  artifactKey: Guid(b282ef4e244a9024e8e9ffec9507eea6) Importer(815301076,1909f56bfc062723c751e8b465ee728b)
Start importing Assets/Materials/Square.jpg using Guid(b282ef4e244a9024e8e9ffec9507eea6) Importer(815301076,1909f56bfc062723c751e8b465ee728b)  -> (artifact id: '9181b24403df0bfce52165adacbe61fb') in 0.065860 seconds
Number of updated asset objects reloaded before import = 0
Number of asset objects unloaded after import = 3
========================================================================
Received Import Request.
  Time since last request: 8.200362 seconds.
  path: Assets/Animations/Attack.anim
  artifactKey: Guid(0638d28d59cc643438e541c69d055c58) Importer(815301076,1909f56bfc062723c751e8b465ee728b)
Start importing Assets/Animations/Attack.anim using Guid(0638d28d59cc643438e541c69d055c58) Importer(815301076,1909f56bfc062723c751e8b465ee728b)  -> (artifact id: '764a57ea308db31b04f6b7b705936870') in 0.001793 seconds
Number of updated asset objects reloaded before import = 0
Number of asset objects unloaded after import = 1
========================================================================
Received Import Request.
  Time since last request: 1.928528 seconds.
  path: Assets/Animations/Dash.anim
  artifactKey: Guid(834d87ec720ef5e498b6664f59a76169) Importer(815301076,1909f56bfc062723c751e8b465ee728b)
Start importing Assets/Animations/Dash.anim using Guid(834d87ec720ef5e498b6664f59a76169) Importer(815301076,1909f56bfc062723c751e8b465ee728b)  -> (artifact id: 'e8906c65d8f366f638a21de0b50dd9c6') in 0.001751 seconds
Number of updated asset objects reloaded before import = 0
Number of asset objects unloaded after import = 1
========================================================================
Received Import Request.
  Time since last request: 3.860192 seconds.
  path: Assets/Tilemap/Celeste Palette.prefab
  artifactKey: Guid(2da832406ea971f47b01ea19e080a2d1) Importer(815301076,1909f56bfc062723c751e8b465ee728b)
Start importing Assets/Tilemap/Celeste Palette.prefab using Guid(2da832406ea971f47b01ea19e080a2d1) Importer(815301076,1909f56bfc062723c751e8b465ee728b)  -> (artifact id: 'e5aed1074d7769602d4e4d4429ba31ab') in 0.620541 seconds
Number of updated asset objects reloaded before import = 0
Number of asset objects unloaded after import = 251
========================================================================
Received Import Request.
  Time since last request: 0.000037 seconds.
  path: Assets/Tilemap/MixJam_Tileset_30.asset
  artifactKey: Guid(bc0ed9bd42708b14087b24c117948858) Importer(815301076,1909f56bfc062723c751e8b465ee728b)
Start importing Assets/Tilemap/MixJam_Tileset_30.asset using Guid(bc0ed9bd42708b14087b24c117948858) Importer(815301076,1909f56bfc062723c751e8b465ee728b)  -> (artifact id: '6e3ae19e604894c6c7d3dc672f1bf52c') in 0.023551 seconds
Number of updated asset objects reloaded before import = 0
Number of asset objects unloaded after import = 3
========================================================================
Received Import Request.
  Time since last request: 0.000035 seconds.
  path: Assets/Tilemap/MixJam_Tileset_16.asset
  artifactKey: Guid(ded9551e1ccd0e44fb21fb2c1794aff6) Importer(815301076,1909f56bfc062723c751e8b465ee728b)
Start importing Assets/Tilemap/MixJam_Tileset_16.asset using Guid(ded9551e1ccd0e44fb21fb2c1794aff6) Importer(815301076,1909f56bfc062723c751e8b465ee728b)  -> (artifact id: 'ded4a593ac4775b9d83f36dca24df8d0') in 0.024773 seconds
Number of updated asset objects reloaded before import = 0
Number of asset objects unloaded after import = 3
========================================================================
Received Import Request.
  Time since last request: 0.000022 seconds.
  path: Assets/Tilemap/MixJam_Tileset_26.asset
  artifactKey: Guid(547bf0fdf5d8b2a46bd32e5e4b230204) Importer(815301076,1909f56bfc062723c751e8b465ee728b)
Start importing Assets/Tilemap/MixJam_Tileset_26.asset using Guid(547bf0fdf5d8b2a46bd32e5e4b230204) Importer(815301076,1909f56bfc062723c751e8b465ee728b)  -> (artifact id: '9233652ceba4f66a8f4c4a4b5e1ef29d') in 0.036111 seconds
Number of updated asset objects reloaded before import = 0
Number of asset objects unloaded after import = 3
========================================================================
Received Import Request.
  Time since last request: 0.000030 seconds.
  path: Assets/Tilemap/MixJam_Tileset_32.asset
  artifactKey: Guid(5e42377bc76450048b5f0b3ded54e38d) Importer(815301076,1909f56bfc062723c751e8b465ee728b)
Start importing Assets/Tilemap/MixJam_Tileset_32.asset using Guid(5e42377bc76450048b5f0b3ded54e38d) Importer(815301076,1909f56bfc062723c751e8b465ee728b)  -> (artifact id: '46704ead23df77ae6d4f0b779c31443f') in 0.021278 seconds
Number of updated asset objects reloaded before import = 0
Number of asset objects unloaded after import = 3
========================================================================
Received Import Request.
  Time since last request: 0.000022 seconds.
  path: Assets/Tilemap/MixJam_Tileset_21.asset
  artifactKey: Guid(e51f368afe1d1104d81a131988a3370d) Importer(815301076,1909f56bfc062723c751e8b465ee728b)
Start importing Assets/Tilemap/MixJam_Tileset_21.asset using Guid(e51f368afe1d1104d81a131988a3370d) Importer(815301076,1909f56bfc062723c751e8b465ee728b)  -> (artifact id: '4238c5b569d27ec6d4b4d6e94ac20110') in 0.023190 seconds
Number of updated asset objects reloaded before import = 0
Number of asset objects unloaded after import = 3
========================================================================
Received Import Request.
  Time since last request: 0.000027 seconds.
  path: Assets/Tilemap/MixJam_Tileset_31.asset
  artifactKey: Guid(45fb4106cf17f2243abed30f384d8b80) Importer(815301076,1909f56bfc062723c751e8b465ee728b)
Start importing Assets/Tilemap/MixJam_Tileset_31.asset using Guid(45fb4106cf17f2243abed30f384d8b80) Importer(815301076,1909f56bfc062723c751e8b465ee728b)  -> (artifact id: 'bbcfd867e41420be60d1cbe74ac2da09') in 0.018086 seconds
Number of updated asset objects reloaded before import = 0
Number of asset objects unloaded after import = 3
========================================================================
Received Import Request.
  Time since last request: 4.805763 seconds.
  path: Assets/меню1.png
  artifactKey: Guid(fc0e29812ce81ac4dbe035dd26b9bc6f) Importer(815301076,1909f56bfc062723c751e8b465ee728b)
Start importing Assets/меню1.png using Guid(fc0e29812ce81ac4dbe035dd26b9bc6f) Importer(815301076,1909f56bfc062723c751e8b465ee728b)  -> (artifact id: '623f535a6ca5c7ece8ea0f9f8d45bdf9') in 0.041209 seconds
Number of updated asset objects reloaded before import = 0
Number of asset objects unloaded after import = 3
